<?xml version="1.0" encoding="UTF-8"?>
<testsuite xmlns:xsi="http://www.w3.org/2001/XMLSchema-instance" xsi:noNamespaceSchemaLocation="https://maven.apache.org/surefire/maven-surefire-plugin/xsd/surefire-test-report-3.0.xsd" version="3.0" name="runner.TestRunner" time="78.107" tests="13" errors="0" skipped="0" failures="1">
  <properties>
    <property name="sun.desktop" value="windows"/>
    <property name="awt.toolkit" value="sun.awt.windows.WToolkit"/>
    <property name="java.specification.version" value="11"/>
    <property name="sun.cpu.isalist" value="amd64"/>
    <property name="sun.jnu.encoding" value="Cp1252"/>
    <property name="java.class.path" value="C:\Users\L E N O V O\Desktop\frameworkworkspace\TutorialsNinjaProj\target\test-classes;C:\Users\L E N O V O\Desktop\frameworkworkspace\TutorialsNinjaProj\target\classes;C:\Users\L E N O V O\.m2\repository\org\apache\maven\plugins\maven-clean-plugin\3.3.2\maven-clean-plugin-3.3.2.jar;C:\Users\L E N O V O\.m2\repository\org\codehaus\plexus\plexus-utils\4.0.0\plexus-utils-4.0.0.jar;C:\Users\L E N O V O\.m2\repository\org\apache\maven\plugins\maven-resources-plugin\3.3.1\maven-resources-plugin-3.3.1.jar;C:\Users\L E N O V O\.m2\repository\org\codehaus\plexus\plexus-interpolation\1.26\plexus-interpolation-1.26.jar;C:\Users\L E N O V O\.m2\repository\org\apache\maven\shared\maven-filtering\3.3.1\maven-filtering-3.3.1.jar;C:\Users\L E N O V O\.m2\repository\org\sonatype\plexus\plexus-build-api\0.0.7\plexus-build-api-0.0.7.jar;C:\Users\L E N O V O\.m2\repository\commons-io\commons-io\2.11.0\commons-io-2.11.0.jar;C:\Users\L E N O V O\.m2\repository\org\apache\commons\commons-lang3\3.12.0\commons-lang3-3.12.0.jar;C:\Users\L E N O V O\.m2\repository\org\apache\maven\plugins\maven-jar-plugin\3.4.1\maven-jar-plugin-3.4.1.jar;C:\Users\L E N O V O\.m2\repository\org\apache\maven\shared\file-management\3.1.0\file-management-3.1.0.jar;C:\Users\L E N O V O\.m2\repository\org\apache\maven\maven-archiver\3.6.2\maven-archiver-3.6.2.jar;C:\Users\L E N O V O\.m2\repository\org\codehaus\plexus\plexus-archiver\4.9.2\plexus-archiver-4.9.2.jar;C:\Users\L E N O V O\.m2\repository\org\codehaus\plexus\plexus-io\3.4.2\plexus-io-3.4.2.jar;C:\Users\L E N O V O\.m2\repository\org\apache\commons\commons-compress\1.26.1\commons-compress-1.26.1.jar;C:\Users\L E N O V O\.m2\repository\commons-codec\commons-codec\1.16.1\commons-codec-1.16.1.jar;C:\Users\L E N O V O\.m2\repository\org\iq80\snappy\snappy\0.4\snappy-0.4.jar;C:\Users\L E N O V O\.m2\repository\org\tukaani\xz\1.9\xz-1.9.jar;C:\Users\L E N O V O\.m2\repository\com\github\luben\zstd-jni\1.5.5-11\zstd-jni-1.5.5-11.jar;C:\Users\L E N O V O\.m2\repository\javax\inject\javax.inject\1\javax.inject-1.jar;C:\Users\L E N O V O\.m2\repository\org\slf4j\slf4j-api\1.7.36\slf4j-api-1.7.36.jar;C:\Users\L E N O V O\.m2\repository\org\apache\maven\plugins\maven-install-plugin\3.1.2\maven-install-plugin-3.1.2.jar;C:\Users\L E N O V O\.m2\repository\org\apache\maven\resolver\maven-resolver-util\1.9.18\maven-resolver-util-1.9.18.jar;C:\Users\L E N O V O\.m2\repository\org\codehaus\plexus\plexus-xml\3.0.0\plexus-xml-3.0.0.jar;C:\Users\L E N O V O\.m2\repository\org\apache\maven\plugins\maven-deploy-plugin\3.1.2\maven-deploy-plugin-3.1.2.jar;C:\Users\L E N O V O\.m2\repository\org\apache\maven\plugins\maven-site-plugin\4.0.0-M14\maven-site-plugin-4.0.0-M14.jar;C:\Users\L E N O V O\.m2\repository\org\apache\maven\reporting\maven-reporting-api\4.0.0-M11\maven-reporting-api-4.0.0-M11.jar;C:\Users\L E N O V O\.m2\repository\org\apache\maven\reporting\maven-reporting-exec\2.0.0-M13\maven-reporting-exec-2.0.0-M13.jar;C:\Users\L E N O V O\.m2\repository\org\eclipse\aether\aether-util\1.0.0.v20140518\aether-util-1.0.0.v20140518.jar;C:\Users\L E N O V O\.m2\repository\org\apache\maven\shared\maven-shared-utils\3.4.2\maven-shared-utils-3.4.2.jar;C:\Users\L E N O V O\.m2\repository\org\codehaus\plexus\plexus-i18n\1.0-beta-10\plexus-i18n-1.0-beta-10.jar;C:\Users\L E N O V O\.m2\repository\org\apache\maven\doxia\doxia-sink-api\2.0.0-M10\doxia-sink-api-2.0.0-M10.jar;C:\Users\L E N O V O\.m2\repository\org\apache\maven\doxia\doxia-core\2.0.0-M10\doxia-core-2.0.0-M10.jar;C:\Users\L E N O V O\.m2\repository\org\apache\commons\commons-text\1.11.0\commons-text-1.11.0.jar;C:\Users\L E N O V O\.m2\repository\org\apache\maven\doxia\doxia-module-xhtml5\2.0.0-M10\doxia-module-xhtml5-2.0.0-M10.jar;C:\Users\L E N O V O\.m2\repository\org\apache\maven\doxia\doxia-module-apt\2.0.0-M10\doxia-module-apt-2.0.0-M10.jar;C:\Users\L E N O V O\.m2\repository\org\apache\maven\doxia\doxia-module-xdoc\2.0.0-M10\doxia-module-xdoc-2.0.0-M10.jar;C:\Users\L E N O V O\.m2\repository\org\apache\maven\doxia\doxia-module-fml\2.0.0-M10\doxia-module-fml-2.0.0-M10.jar;C:\Users\L E N O V O\.m2\repository\org\apache\maven\doxia\doxia-module-markdown\2.0.0-M10\doxia-module-markdown-2.0.0-M10.jar;C:\Users\L E N O V O\.m2\repository\com\vladsch\flexmark\flexmark\0.62.2\flexmark-0.62.2.jar;C:\Users\L E N O V O\.m2\repository\com\vladsch\flexmark\flexmark-util-builder\0.62.2\flexmark-util-builder-0.62.2.jar;C:\Users\L E N O V O\.m2\repository\com\vladsch\flexmark\flexmark-util-collection\0.62.2\flexmark-util-collection-0.62.2.jar;C:\Users\L E N O V O\.m2\repository\com\vladsch\flexmark\flexmark-util-dependency\0.62.2\flexmark-util-dependency-0.62.2.jar;C:\Users\L E N O V O\.m2\repository\com\vladsch\flexmark\flexmark-util-format\0.62.2\flexmark-util-format-0.62.2.jar;C:\Users\L E N O V O\.m2\repository\com\vladsch\flexmark\flexmark-util-html\0.62.2\flexmark-util-html-0.62.2.jar;C:\Users\L E N O V O\.m2\repository\com\vladsch\flexmark\flexmark-util-visitor\0.62.2\flexmark-util-visitor-0.62.2.jar;C:\Users\L E N O V O\.m2\repository\com\vladsch\flexmark\flexmark-util-data\0.62.2\flexmark-util-data-0.62.2.jar;C:\Users\L E N O V O\.m2\repository\com\vladsch\flexmark\flexmark-util-misc\0.62.2\flexmark-util-misc-0.62.2.jar;C:\Users\L E N O V O\.m2\repository\com\vladsch\flexmark\flexmark-util-sequence\0.62.2\flexmark-util-sequence-0.62.2.jar;C:\Users\L E N O V O\.m2\repository\com\vladsch\flexmark\flexmark-util-ast\0.62.2\flexmark-util-ast-0.62.2.jar;C:\Users\L E N O V O\.m2\repository\com\vladsch\flexmark\flexmark-ext-abbreviation\0.62.2\flexmark-ext-abbreviation-0.62.2.jar;C:\Users\L E N O V O\.m2\repository\com\vladsch\flexmark\flexmark-util\0.62.2\flexmark-util-0.62.2.jar;C:\Users\L E N O V O\.m2\repository\com\vladsch\flexmark\flexmark-util-options\0.62.2\flexmark-util-options-0.62.2.jar;C:\Users\L E N O V O\.m2\repository\com\vladsch\flexmark\flexmark-ext-autolink\0.62.2\flexmark-ext-autolink-0.62.2.jar;C:\Users\L E N O V O\.m2\repository\org\nibor\autolink\autolink\0.6.0\autolink-0.6.0.jar;C:\Users\L E N O V O\.m2\repository\com\vladsch\flexmark\flexmark-ext-definition\0.62.2\flexmark-ext-definition-0.62.2.jar;C:\Users\L E N O V O\.m2\repository\com\vladsch\flexmark\flexmark-ext-escaped-character\0.62.2\flexmark-ext-escaped-character-0.62.2.jar;C:\Users\L E N O V O\.m2\repository\com\vladsch\flexmark\flexmark-ext-gfm-strikethrough\0.62.2\flexmark-ext-gfm-strikethrough-0.62.2.jar;C:\Users\L E N O V O\.m2\repository\com\vladsch\flexmark\flexmark-ext-tables\0.62.2\flexmark-ext-tables-0.62.2.jar;C:\Users\L E N O V O\.m2\repository\com\vladsch\flexmark\flexmark-ext-typographic\0.62.2\flexmark-ext-typographic-0.62.2.jar;C:\Users\L E N O V O\.m2\repository\com\vladsch\flexmark\flexmark-ext-wikilink\0.62.2\flexmark-ext-wikilink-0.62.2.jar;C:\Users\L E N O V O\.m2\repository\com\vladsch\flexmark\flexmark-ext-yaml-front-matter\0.62.2\flexmark-ext-yaml-front-matter-0.62.2.jar;C:\Users\L E N O V O\.m2\repository\org\jetbrains\annotations\24.1.0\annotations-24.1.0.jar;C:\Users\L E N O V O\.m2\repository\org\apache\maven\doxia\doxia-site-model\2.0.0-M18\doxia-site-model-2.0.0-M18.jar;C:\Users\L E N O V O\.m2\repository\org\eclipse\sisu\org.eclipse.sisu.plexus\0.9.0.M2\org.eclipse.sisu.plexus-0.9.0.M2.jar;C:\Users\L E N O V O\.m2\repository\javax\annotation\javax.annotation-api\1.2\javax.annotation-api-1.2.jar;C:\Users\L E N O V O\.m2\repository\javax\enterprise\cdi-api\1.2\cdi-api-1.2.jar;C:\Users\L E N O V O\.m2\repository\org\eclipse\sisu\org.eclipse.sisu.inject\0.9.0.M2\org.eclipse.sisu.inject-0.9.0.M2.jar;C:\Users\L E N O V O\.m2\repository\org\apache\maven\doxia\doxia-site-renderer\2.0.0-M18\doxia-site-renderer-2.0.0-M18.jar;C:\Users\L E N O V O\.m2\repository\org\apache\maven\doxia\doxia-skin-model\2.0.0-M18\doxia-skin-model-2.0.0-M18.jar;C:\Users\L E N O V O\.m2\repository\org\codehaus\plexus\plexus-velocity\2.1.0\plexus-velocity-2.1.0.jar;C:\Users\L E N O V O\.m2\repository\org\apache\velocity\velocity-engine-core\2.3\velocity-engine-core-2.3.jar;C:\Users\L E N O V O\.m2\repository\org\apache\velocity\tools\velocity-tools-generic\3.1\velocity-tools-generic-3.1.jar;C:\Users\L E N O V O\.m2\repository\org\apache\commons\commons-digester3\3.2\commons-digester3-3.2.jar;C:\Users\L E N O V O\.m2\repository\com\github\cliftonlabs\json-simple\3.0.2\json-simple-3.0.2.jar;C:\Users\L E N O V O\.m2\repository\org\apache\maven\doxia\doxia-integration-tools\2.0.0-M18\doxia-integration-tools-2.0.0-M18.jar;C:\Users\L E N O V O\.m2\repository\org\eclipse\jetty\jetty-server\9.4.54.v20240208\jetty-server-9.4.54.v20240208.jar;C:\Users\L E N O V O\.m2\repository\javax\servlet\javax.servlet-api\3.1.0\javax.servlet-api-3.1.0.jar;C:\Users\L E N O V O\.m2\repository\org\eclipse\jetty\jetty-io\9.4.54.v20240208\jetty-io-9.4.54.v20240208.jar;C:\Users\L E N O V O\.m2\repository\org\eclipse\jetty\jetty-http\9.4.54.v20240208\jetty-http-9.4.54.v20240208.jar;C:\Users\L E N O V O\.m2\repository\org\eclipse\jetty\jetty-servlet\9.4.54.v20240208\jetty-servlet-9.4.54.v20240208.jar;C:\Users\L E N O V O\.m2\repository\org\eclipse\jetty\jetty-security\9.4.54.v20240208\jetty-security-9.4.54.v20240208.jar;C:\Users\L E N O V O\.m2\repository\org\eclipse\jetty\jetty-util-ajax\9.4.54.v20240208\jetty-util-ajax-9.4.54.v20240208.jar;C:\Users\L E N O V O\.m2\repository\org\eclipse\jetty\jetty-webapp\9.4.54.v20240208\jetty-webapp-9.4.54.v20240208.jar;C:\Users\L E N O V O\.m2\repository\org\eclipse\jetty\jetty-xml\9.4.54.v20240208\jetty-xml-9.4.54.v20240208.jar;C:\Users\L E N O V O\.m2\repository\org\eclipse\jetty\jetty-util\9.4.54.v20240208\jetty-util-9.4.54.v20240208.jar;C:\Users\L E N O V O\.m2\repository\org\apache\maven\plugins\maven-project-info-reports-plugin\3.5.0\maven-project-info-reports-plugin-3.5.0.jar;C:\Users\L E N O V O\.m2\repository\org\apache\maven\reporting\maven-reporting-impl\3.2.0\maven-reporting-impl-3.2.0.jar;C:\Users\L E N O V O\.m2\repository\org\apache\maven\shared\maven-dependency-tree\3.2.1\maven-dependency-tree-3.2.1.jar;C:\Users\L E N O V O\.m2\repository\org\apache\maven\shared\maven-shared-jar\3.0.0\maven-shared-jar-3.0.0.jar;C:\Users\L E N O V O\.m2\repository\org\apache\bcel\bcel\6.7.0\bcel-6.7.0.jar;C:\Users\L E N O V O\.m2\repository\org\apache\commons\commons-collections4\4.4\commons-collections4-4.4.jar;C:\Users\L E N O V O\.m2\repository\org\eclipse\aether\aether-api\1.0.0.v20140518\aether-api-1.0.0.v20140518.jar;C:\Users\L E N O V O\.m2\repository\org\apache\maven\shared\maven-common-artifact-filters\3.3.2\maven-common-artifact-filters-3.3.2.jar;C:\Users\L E N O V O\.m2\repository\org\apache\maven\shared\maven-artifact-transfer\0.13.1\maven-artifact-transfer-0.13.1.jar;C:\Users\L E N O V O\.m2\repository\org\codehaus\plexus\plexus-component-annotations\2.0.0\plexus-component-annotations-2.0.0.jar;C:\Users\L E N O V O\.m2\repository\org\apache\maven\scm\maven-scm-api\2.0.1\maven-scm-api-2.0.1.jar;C:\Users\L E N O V O\.m2\repository\org\apache\maven\scm\maven-scm-manager-plexus\2.0.1\maven-scm-manager-plexus-2.0.1.jar;C:\Users\L E N O V O\.m2\repository\org\apache\maven\scm\maven-scm-provider-hg\2.0.1\maven-scm-provider-hg-2.0.1.jar;C:\Users\L E N O V O\.m2\repository\org\apache\maven\scm\maven-scm-provider-svn-commons\2.0.1\maven-scm-provider-svn-commons-2.0.1.jar;C:\Users\L E N O V O\.m2\repository\org\apache\maven\scm\maven-scm-provider-svnexe\2.0.1\maven-scm-provider-svnexe-2.0.1.jar;C:\Users\L E N O V O\.m2\repository\org\apache\maven\scm\maven-scm-provider-git-commons\2.0.1\maven-scm-provider-git-commons-2.0.1.jar;C:\Users\L E N O V O\.m2\repository\org\apache\maven\scm\maven-scm-provider-gitexe\2.0.1\maven-scm-provider-gitexe-2.0.1.jar;C:\Users\L E N O V O\.m2\repository\org\apache\maven\doxia\doxia-decoration-model\1.11.1\doxia-decoration-model-1.11.1.jar;C:\Users\L E N O V O\.m2\repository\commons-validator\commons-validator\1.7\commons-validator-1.7.jar;C:\Users\L E N O V O\.m2\repository\commons-beanutils\commons-beanutils\1.9.4\commons-beanutils-1.9.4.jar;C:\Users\L E N O V O\.m2\repository\commons-digester\commons-digester\2.1\commons-digester-2.1.jar;C:\Users\L E N O V O\.m2\repository\commons-logging\commons-logging\1.2\commons-logging-1.2.jar;C:\Users\L E N O V O\.m2\repository\commons-collections\commons-collections\3.2.2\commons-collections-3.2.2.jar;C:\Users\L E N O V O\.m2\repository\org\apache\maven\maven-artifact\4.0.0-alpha-13\maven-artifact-4.0.0-alpha-13.jar;C:\Users\L E N O V O\.m2\repository\org\apache\maven\plugins\maven-compiler-plugin\3.13.0\maven-compiler-plugin-3.13.0.jar;C:\Users\L E N O V O\.m2\repository\org\apache\maven\shared\maven-shared-incremental\1.1\maven-shared-incremental-1.1.jar;C:\Users\L E N O V O\.m2\repository\org\codehaus\plexus\plexus-java\1.2.0\plexus-java-1.2.0.jar;C:\Users\L E N O V O\.m2\repository\org\ow2\asm\asm\9.6\asm-9.6.jar;C:\Users\L E N O V O\.m2\repository\com\thoughtworks\qdox\qdox\2.0.3\qdox-2.0.3.jar;C:\Users\L E N O V O\.m2\repository\org\codehaus\plexus\plexus-compiler-api\2.15.0\plexus-compiler-api-2.15.0.jar;C:\Users\L E N O V O\.m2\repository\org\codehaus\plexus\plexus-compiler-manager\2.15.0\plexus-compiler-manager-2.15.0.jar;C:\Users\L E N O V O\.m2\repository\org\codehaus\plexus\plexus-compiler-javac\2.15.0\plexus-compiler-javac-2.15.0.jar;C:\Users\L E N O V O\.m2\repository\org\apache\maven\maven-core\4.0.0-alpha-13\maven-core-4.0.0-alpha-13.jar;C:\Users\L E N O V O\.m2\repository\org\apache\maven\maven-di\4.0.0-alpha-13\maven-di-4.0.0-alpha-13.jar;C:\Users\L E N O V O\.m2\repository\org\apache\maven\maven-api-di\4.0.0-alpha-13\maven-api-di-4.0.0-alpha-13.jar;C:\Users\L E N O V O\.m2\repository\org\apache\maven\maven-xml-impl\4.0.0-alpha-13\maven-xml-impl-4.0.0-alpha-13.jar;C:\Users\L E N O V O\.m2\repository\org\apache\maven\maven-api-xml\4.0.0-alpha-13\maven-api-xml-4.0.0-alpha-13.jar;C:\Users\L E N O V O\.m2\repository\com\fasterxml\woodstox\woodstox-core\6.5.1\woodstox-core-6.5.1.jar;C:\Users\L E N O V O\.m2\repository\org\codehaus\woodstox\stax2-api\4.2.1\stax2-api-4.2.1.jar;C:\Users\L E N O V O\.m2\repository\org\apache\maven\maven-model\4.0.0-alpha-13\maven-model-4.0.0-alpha-13.jar;C:\Users\L E N O V O\.m2\repository\org\apache\maven\maven-api-model\4.0.0-alpha-13\maven-api-model-4.0.0-alpha-13.jar;C:\Users\L E N O V O\.m2\repository\org\apache\maven\maven-settings\4.0.0-alpha-13\maven-settings-4.0.0-alpha-13.jar;C:\Users\L E N O V O\.m2\repository\org\apache\maven\maven-api-settings\4.0.0-alpha-13\maven-api-settings-4.0.0-alpha-13.jar;C:\Users\L E N O V O\.m2\repository\org\apache\maven\maven-settings-builder\4.0.0-alpha-13\maven-settings-builder-4.0.0-alpha-13.jar;C:\Users\L E N O V O\.m2\repository\org\apache\maven\maven-builder-support\4.0.0-alpha-13\maven-builder-support-4.0.0-alpha-13.jar;C:\Users\L E N O V O\.m2\repository\org\codehaus\plexus\plexus-sec-dispatcher\2.0\plexus-sec-dispatcher-2.0.jar;C:\Users\L E N O V O\.m2\repository\org\codehaus\plexus\plexus-cipher\2.0\plexus-cipher-2.0.jar;C:\Users\L E N O V O\.m2\repository\org\apache\maven\maven-toolchain-model\4.0.0-alpha-13\maven-toolchain-model-4.0.0-alpha-13.jar;C:\Users\L E N O V O\.m2\repository\org\apache\maven\maven-api-toolchain\4.0.0-alpha-13\maven-api-toolchain-4.0.0-alpha-13.jar;C:\Users\L E N O V O\.m2\repository\org\apache\maven\maven-toolchain-builder\4.0.0-alpha-13\maven-toolchain-builder-4.0.0-alpha-13.jar;C:\Users\L E N O V O\.m2\repository\org\apache\maven\maven-repository-metadata\4.0.0-alpha-13\maven-repository-metadata-4.0.0-alpha-13.jar;C:\Users\L E N O V O\.m2\repository\org\apache\maven\maven-plugin-api\4.0.0-alpha-13\maven-plugin-api-4.0.0-alpha-13.jar;C:\Users\L E N O V O\.m2\repository\org\apache\maven\maven-api-plugin\4.0.0-alpha-13\maven-api-plugin-4.0.0-alpha-13.jar;C:\Users\L E N O V O\.m2\repository\org\apache\maven\maven-model-builder\4.0.0-alpha-13\maven-model-builder-4.0.0-alpha-13.jar;C:\Users\L E N O V O\.m2\repository\org\apache\maven\maven-resolver-provider\4.0.0-alpha-13\maven-resolver-provider-4.0.0-alpha-13.jar;C:\Users\L E N O V O\.m2\repository\org\apache\maven\maven-api-core\4.0.0-alpha-13\maven-api-core-4.0.0-alpha-13.jar;C:\Users\L E N O V O\.m2\repository\org\apache\maven\maven-api-meta\4.0.0-alpha-13\maven-api-meta-4.0.0-alpha-13.jar;C:\Users\L E N O V O\.m2\repository\org\apache\maven\maven-api-spi\4.0.0-alpha-13\maven-api-spi-4.0.0-alpha-13.jar;C:\Users\L E N O V O\.m2\repository\org\apache\maven\resolver\maven-resolver-api\2.0.0-alpha-8\maven-resolver-api-2.0.0-alpha-8.jar;C:\Users\L E N O V O\.m2\repository\org\apache\maven\resolver\maven-resolver-spi\2.0.0-alpha-8\maven-resolver-spi-2.0.0-alpha-8.jar;C:\Users\L E N O V O\.m2\repository\org\apache\maven\resolver\maven-resolver-impl\2.0.0-alpha-8\maven-resolver-impl-2.0.0-alpha-8.jar;C:\Users\L E N O V O\.m2\repository\org\apache\maven\resolver\maven-resolver-named-locks\2.0.0-alpha-8\maven-resolver-named-locks-2.0.0-alpha-8.jar;C:\Users\L E N O V O\.m2\repository\org\codehaus\plexus\plexus-classworlds\2.6.0\plexus-classworlds-2.6.0.jar;C:\Users\L E N O V O\.m2\repository\org\apache\maven\plugins\maven-surefire-plugin\3.2.5\maven-surefire-plugin-3.2.5.jar;C:\Users\L E N O V O\.m2\repository\org\apache\maven\surefire\maven-surefire-common\3.2.5\maven-surefire-common-3.2.5.jar;C:\Users\L E N O V O\.m2\repository\org\apache\maven\surefire\surefire-api\3.2.5\surefire-api-3.2.5.jar;C:\Users\L E N O V O\.m2\repository\org\apache\maven\surefire\surefire-logger-api\3.2.5\surefire-logger-api-3.2.5.jar;C:\Users\L E N O V O\.m2\repository\org\apache\maven\surefire\surefire-extensions-api\3.2.5\surefire-extensions-api-3.2.5.jar;C:\Users\L E N O V O\.m2\repository\org\apache\maven\surefire\surefire-booter\3.2.5\surefire-booter-3.2.5.jar;C:\Users\L E N O V O\.m2\repository\org\apache\maven\surefire\surefire-extensions-spi\3.2.5\surefire-extensions-spi-3.2.5.jar;C:\Users\L E N O V O\.m2\repository\org\apache\maven\surefire\surefire-shared-utils\3.2.5\surefire-shared-utils-3.2.5.jar;C:\Users\L E N O V O\.m2\repository\junit\junit\4.13.2\junit-4.13.2.jar;C:\Users\L E N O V O\.m2\repository\org\hamcrest\hamcrest-core\1.3\hamcrest-core-1.3.jar;C:\Users\L E N O V O\.m2\repository\io\cucumber\cucumber-java\7.16.1\cucumber-java-7.16.1.jar;C:\Users\L E N O V O\.m2\repository\org\apiguardian\apiguardian-api\1.1.2\apiguardian-api-1.1.2.jar;C:\Users\L E N O V O\.m2\repository\io\cucumber\cucumber-junit\7.16.1\cucumber-junit-7.16.1.jar;C:\Users\L E N O V O\.m2\repository\io\cucumber\cucumber-core\7.16.1\cucumber-core-7.16.1.jar;C:\Users\L E N O V O\.m2\repository\io\cucumber\cucumber-gherkin\7.16.1\cucumber-gherkin-7.16.1.jar;C:\Users\L E N O V O\.m2\repository\io\cucumber\cucumber-gherkin-messages\7.16.1\cucumber-gherkin-messages-7.16.1.jar;C:\Users\L E N O V O\.m2\repository\io\cucumber\gherkin\28.0.0\gherkin-28.0.0.jar;C:\Users\L E N O V O\.m2\repository\io\cucumber\messages\24.1.0\messages-24.1.0.jar;C:\Users\L E N O V O\.m2\repository\io\cucumber\tag-expressions\6.1.0\tag-expressions-6.1.0.jar;C:\Users\L E N O V O\.m2\repository\io\cucumber\cucumber-expressions\17.1.0\cucumber-expressions-17.1.0.jar;C:\Users\L E N O V O\.m2\repository\io\cucumber\datatable\7.16.1\datatable-7.16.1.jar;C:\Users\L E N O V O\.m2\repository\io\cucumber\cucumber-plugin\7.16.1\cucumber-plugin-7.16.1.jar;C:\Users\L E N O V O\.m2\repository\io\cucumber\docstring\7.16.1\docstring-7.16.1.jar;C:\Users\L E N O V O\.m2\repository\io\cucumber\html-formatter\21.3.0\html-formatter-21.3.0.jar;C:\Users\L E N O V O\.m2\repository\io\cucumber\junit-xml-formatter\0.3.0\junit-xml-formatter-0.3.0.jar;C:\Users\L E N O V O\.m2\repository\io\cucumber\ci-environment\10.0.1\ci-environment-10.0.1.jar;C:\Users\L E N O V O\.m2\repository\org\seleniumhq\selenium\selenium-java\4.21.0\selenium-java-4.21.0.jar;C:\Users\L E N O V O\.m2\repository\org\seleniumhq\selenium\selenium-api\4.21.0\selenium-api-4.21.0.jar;C:\Users\L E N O V O\.m2\repository\org\seleniumhq\selenium\selenium-chrome-driver\4.21.0\selenium-chrome-driver-4.21.0.jar;C:\Users\L E N O V O\.m2\repository\com\google\auto\service\auto-service-annotations\1.1.1\auto-service-annotations-1.1.1.jar;C:\Users\L E N O V O\.m2\repository\org\seleniumhq\selenium\selenium-chromium-driver\4.21.0\selenium-chromium-driver-4.21.0.jar;C:\Users\L E N O V O\.m2\repository\org\seleniumhq\selenium\selenium-json\4.21.0\selenium-json-4.21.0.jar;C:\Users\L E N O V O\.m2\repository\org\seleniumhq\selenium\selenium-manager\4.21.0\selenium-manager-4.21.0.jar;C:\Users\L E N O V O\.m2\repository\org\seleniumhq\selenium\selenium-devtools-v123\4.21.0\selenium-devtools-v123-4.21.0.jar;C:\Users\L E N O V O\.m2\repository\org\seleniumhq\selenium\selenium-devtools-v124\4.21.0\selenium-devtools-v124-4.21.0.jar;C:\Users\L E N O V O\.m2\repository\org\seleniumhq\selenium\selenium-devtools-v125\4.21.0\selenium-devtools-v125-4.21.0.jar;C:\Users\L E N O V O\.m2\repository\org\seleniumhq\selenium\selenium-devtools-v85\4.21.0\selenium-devtools-v85-4.21.0.jar;C:\Users\L E N O V O\.m2\repository\org\seleniumhq\selenium\selenium-edge-driver\4.21.0\selenium-edge-driver-4.21.0.jar;C:\Users\L E N O V O\.m2\repository\org\seleniumhq\selenium\selenium-firefox-driver\4.21.0\selenium-firefox-driver-4.21.0.jar;C:\Users\L E N O V O\.m2\repository\org\seleniumhq\selenium\selenium-http\4.21.0\selenium-http-4.21.0.jar;C:\Users\L E N O V O\.m2\repository\dev\failsafe\failsafe\3.3.2\failsafe-3.3.2.jar;C:\Users\L E N O V O\.m2\repository\org\seleniumhq\selenium\selenium-ie-driver\4.21.0\selenium-ie-driver-4.21.0.jar;C:\Users\L E N O V O\.m2\repository\org\seleniumhq\selenium\selenium-remote-driver\4.21.0\selenium-remote-driver-4.21.0.jar;C:\Users\L E N O V O\.m2\repository\com\google\guava\guava\33.2.0-jre\guava-33.2.0-jre.jar;C:\Users\L E N O V O\.m2\repository\com\google\guava\failureaccess\1.0.2\failureaccess-1.0.2.jar;C:\Users\L E N O V O\.m2\repository\com\google\guava\listenablefuture\9999.0-empty-to-avoid-conflict-with-guava\listenablefuture-9999.0-empty-to-avoid-conflict-with-guava.jar;C:\Users\L E N O V O\.m2\repository\com\google\code\findbugs\jsr305\3.0.2\jsr305-3.0.2.jar;C:\Users\L E N O V O\.m2\repository\org\checkerframework\checker-qual\3.42.0\checker-qual-3.42.0.jar;C:\Users\L E N O V O\.m2\repository\com\google\errorprone\error_prone_annotations\2.26.1\error_prone_annotations-2.26.1.jar;C:\Users\L E N O V O\.m2\repository\com\google\j2objc\j2objc-annotations\3.0.0\j2objc-annotations-3.0.0.jar;C:\Users\L E N O V O\.m2\repository\io\opentelemetry\semconv\opentelemetry-semconv\1.25.0-alpha\opentelemetry-semconv-1.25.0-alpha.jar;C:\Users\L E N O V O\.m2\repository\io\opentelemetry\opentelemetry-api\1.38.0\opentelemetry-api-1.38.0.jar;C:\Users\L E N O V O\.m2\repository\io\opentelemetry\opentelemetry-context\1.38.0\opentelemetry-context-1.38.0.jar;C:\Users\L E N O V O\.m2\repository\io\opentelemetry\opentelemetry-exporter-logging\1.38.0\opentelemetry-exporter-logging-1.38.0.jar;C:\Users\L E N O V O\.m2\repository\io\opentelemetry\opentelemetry-sdk-common\1.38.0\opentelemetry-sdk-common-1.38.0.jar;C:\Users\L E N O V O\.m2\repository\io\opentelemetry\opentelemetry-sdk-extension-autoconfigure-spi\1.38.0\opentelemetry-sdk-extension-autoconfigure-spi-1.38.0.jar;C:\Users\L E N O V O\.m2\repository\io\opentelemetry\opentelemetry-sdk-extension-autoconfigure\1.38.0\opentelemetry-sdk-extension-autoconfigure-1.38.0.jar;C:\Users\L E N O V O\.m2\repository\io\opentelemetry\opentelemetry-api-incubator\1.38.0-alpha\opentelemetry-api-incubator-1.38.0-alpha.jar;C:\Users\L E N O V O\.m2\repository\io\opentelemetry\opentelemetry-sdk-trace\1.38.0\opentelemetry-sdk-trace-1.38.0.jar;C:\Users\L E N O V O\.m2\repository\io\opentelemetry\opentelemetry-sdk\1.38.0\opentelemetry-sdk-1.38.0.jar;C:\Users\L E N O V O\.m2\repository\io\opentelemetry\opentelemetry-sdk-metrics\1.38.0\opentelemetry-sdk-metrics-1.38.0.jar;C:\Users\L E N O V O\.m2\repository\io\opentelemetry\opentelemetry-sdk-logs\1.38.0\opentelemetry-sdk-logs-1.38.0.jar;C:\Users\L E N O V O\.m2\repository\net\bytebuddy\byte-buddy\1.14.15\byte-buddy-1.14.15.jar;C:\Users\L E N O V O\.m2\repository\org\seleniumhq\selenium\selenium-os\4.21.0\selenium-os-4.21.0.jar;C:\Users\L E N O V O\.m2\repository\org\apache\commons\commons-exec\1.4.0\commons-exec-1.4.0.jar;C:\Users\L E N O V O\.m2\repository\org\seleniumhq\selenium\selenium-safari-driver\4.21.0\selenium-safari-driver-4.21.0.jar;C:\Users\L E N O V O\.m2\repository\org\seleniumhq\selenium\selenium-support\4.21.0\selenium-support-4.21.0.jar;"/>
    <property name="java.vm.vendor" value="Oracle Corporation"/>
    <property name="sun.arch.data.model" value="64"/>
    <property name="user.variant" value=""/>
    <property name="java.vendor.url" value="https://openjdk.java.net/"/>
    <property name="user.timezone" value="Asia/Calcutta"/>
    <property name="java.vm.specification.version" value="11"/>
    <property name="os.name" value="Windows 10"/>
    <property name="sun.java.launcher" value="SUN_STANDARD"/>
    <property name="user.country" value="IN"/>
    <property name="sun.boot.library.path" value="C:\Program Files\Java\jdk-11\bin"/>
    <property name="sun.java.command" value="C:\Users\L E N O V O\AppData\Local\Temp\surefire5762778557207374151\surefirebooter-20240527000639882_3.jar C:\Users\L E N O V O\AppData\Local\Temp\surefire5762778557207374151 2024-05-27T00-06-39_438-jvmRun1 surefire-20240527000639882_1tmp surefire_0-20240527000639882_2tmp"/>
    <property name="jdk.debug" value="release"/>
    <property name="surefire.test.class.path" value="C:\Users\L E N O V O\Desktop\frameworkworkspace\TutorialsNinjaProj\target\test-classes;C:\Users\L E N O V O\Desktop\frameworkworkspace\TutorialsNinjaProj\target\classes;C:\Users\L E N O V O\.m2\repository\org\apache\maven\plugins\maven-clean-plugin\3.3.2\maven-clean-plugin-3.3.2.jar;C:\Users\L E N O V O\.m2\repository\org\codehaus\plexus\plexus-utils\4.0.0\plexus-utils-4.0.0.jar;C:\Users\L E N O V O\.m2\repository\org\apache\maven\plugins\maven-resources-plugin\3.3.1\maven-resources-plugin-3.3.1.jar;C:\Users\L E N O V O\.m2\repository\org\codehaus\plexus\plexus-interpolation\1.26\plexus-interpolation-1.26.jar;C:\Users\L E N O V O\.m2\repository\org\apache\maven\shared\maven-filtering\3.3.1\maven-filtering-3.3.1.jar;C:\Users\L E N O V O\.m2\repository\org\sonatype\plexus\plexus-build-api\0.0.7\plexus-build-api-0.0.7.jar;C:\Users\L E N O V O\.m2\repository\commons-io\commons-io\2.11.0\commons-io-2.11.0.jar;C:\Users\L E N O V O\.m2\repository\org\apache\commons\commons-lang3\3.12.0\commons-lang3-3.12.0.jar;C:\Users\L E N O V O\.m2\repository\org\apache\maven\plugins\maven-jar-plugin\3.4.1\maven-jar-plugin-3.4.1.jar;C:\Users\L E N O V O\.m2\repository\org\apache\maven\shared\file-management\3.1.0\file-management-3.1.0.jar;C:\Users\L E N O V O\.m2\repository\org\apache\maven\maven-archiver\3.6.2\maven-archiver-3.6.2.jar;C:\Users\L E N O V O\.m2\repository\org\codehaus\plexus\plexus-archiver\4.9.2\plexus-archiver-4.9.2.jar;C:\Users\L E N O V O\.m2\repository\org\codehaus\plexus\plexus-io\3.4.2\plexus-io-3.4.2.jar;C:\Users\L E N O V O\.m2\repository\org\apache\commons\commons-compress\1.26.1\commons-compress-1.26.1.jar;C:\Users\L E N O V O\.m2\repository\commons-codec\commons-codec\1.16.1\commons-codec-1.16.1.jar;C:\Users\L E N O V O\.m2\repository\org\iq80\snappy\snappy\0.4\snappy-0.4.jar;C:\Users\L E N O V O\.m2\repository\org\tukaani\xz\1.9\xz-1.9.jar;C:\Users\L E N O V O\.m2\repository\com\github\luben\zstd-jni\1.5.5-11\zstd-jni-1.5.5-11.jar;C:\Users\L E N O V O\.m2\repository\javax\inject\javax.inject\1\javax.inject-1.jar;C:\Users\L E N O V O\.m2\repository\org\slf4j\slf4j-api\1.7.36\slf4j-api-1.7.36.jar;C:\Users\L E N O V O\.m2\repository\org\apache\maven\plugins\maven-install-plugin\3.1.2\maven-install-plugin-3.1.2.jar;C:\Users\L E N O V O\.m2\repository\org\apache\maven\resolver\maven-resolver-util\1.9.18\maven-resolver-util-1.9.18.jar;C:\Users\L E N O V O\.m2\repository\org\codehaus\plexus\plexus-xml\3.0.0\plexus-xml-3.0.0.jar;C:\Users\L E N O V O\.m2\repository\org\apache\maven\plugins\maven-deploy-plugin\3.1.2\maven-deploy-plugin-3.1.2.jar;C:\Users\L E N O V O\.m2\repository\org\apache\maven\plugins\maven-site-plugin\4.0.0-M14\maven-site-plugin-4.0.0-M14.jar;C:\Users\L E N O V O\.m2\repository\org\apache\maven\reporting\maven-reporting-api\4.0.0-M11\maven-reporting-api-4.0.0-M11.jar;C:\Users\L E N O V O\.m2\repository\org\apache\maven\reporting\maven-reporting-exec\2.0.0-M13\maven-reporting-exec-2.0.0-M13.jar;C:\Users\L E N O V O\.m2\repository\org\eclipse\aether\aether-util\1.0.0.v20140518\aether-util-1.0.0.v20140518.jar;C:\Users\L E N O V O\.m2\repository\org\apache\maven\shared\maven-shared-utils\3.4.2\maven-shared-utils-3.4.2.jar;C:\Users\L E N O V O\.m2\repository\org\codehaus\plexus\plexus-i18n\1.0-beta-10\plexus-i18n-1.0-beta-10.jar;C:\Users\L E N O V O\.m2\repository\org\apache\maven\doxia\doxia-sink-api\2.0.0-M10\doxia-sink-api-2.0.0-M10.jar;C:\Users\L E N O V O\.m2\repository\org\apache\maven\doxia\doxia-core\2.0.0-M10\doxia-core-2.0.0-M10.jar;C:\Users\L E N O V O\.m2\repository\org\apache\commons\commons-text\1.11.0\commons-text-1.11.0.jar;C:\Users\L E N O V O\.m2\repository\org\apache\maven\doxia\doxia-module-xhtml5\2.0.0-M10\doxia-module-xhtml5-2.0.0-M10.jar;C:\Users\L E N O V O\.m2\repository\org\apache\maven\doxia\doxia-module-apt\2.0.0-M10\doxia-module-apt-2.0.0-M10.jar;C:\Users\L E N O V O\.m2\repository\org\apache\maven\doxia\doxia-module-xdoc\2.0.0-M10\doxia-module-xdoc-2.0.0-M10.jar;C:\Users\L E N O V O\.m2\repository\org\apache\maven\doxia\doxia-module-fml\2.0.0-M10\doxia-module-fml-2.0.0-M10.jar;C:\Users\L E N O V O\.m2\repository\org\apache\maven\doxia\doxia-module-markdown\2.0.0-M10\doxia-module-markdown-2.0.0-M10.jar;C:\Users\L E N O V O\.m2\repository\com\vladsch\flexmark\flexmark\0.62.2\flexmark-0.62.2.jar;C:\Users\L E N O V O\.m2\repository\com\vladsch\flexmark\flexmark-util-builder\0.62.2\flexmark-util-builder-0.62.2.jar;C:\Users\L E N O V O\.m2\repository\com\vladsch\flexmark\flexmark-util-collection\0.62.2\flexmark-util-collection-0.62.2.jar;C:\Users\L E N O V O\.m2\repository\com\vladsch\flexmark\flexmark-util-dependency\0.62.2\flexmark-util-dependency-0.62.2.jar;C:\Users\L E N O V O\.m2\repository\com\vladsch\flexmark\flexmark-util-format\0.62.2\flexmark-util-format-0.62.2.jar;C:\Users\L E N O V O\.m2\repository\com\vladsch\flexmark\flexmark-util-html\0.62.2\flexmark-util-html-0.62.2.jar;C:\Users\L E N O V O\.m2\repository\com\vladsch\flexmark\flexmark-util-visitor\0.62.2\flexmark-util-visitor-0.62.2.jar;C:\Users\L E N O V O\.m2\repository\com\vladsch\flexmark\flexmark-util-data\0.62.2\flexmark-util-data-0.62.2.jar;C:\Users\L E N O V O\.m2\repository\com\vladsch\flexmark\flexmark-util-misc\0.62.2\flexmark-util-misc-0.62.2.jar;C:\Users\L E N O V O\.m2\repository\com\vladsch\flexmark\flexmark-util-sequence\0.62.2\flexmark-util-sequence-0.62.2.jar;C:\Users\L E N O V O\.m2\repository\com\vladsch\flexmark\flexmark-util-ast\0.62.2\flexmark-util-ast-0.62.2.jar;C:\Users\L E N O V O\.m2\repository\com\vladsch\flexmark\flexmark-ext-abbreviation\0.62.2\flexmark-ext-abbreviation-0.62.2.jar;C:\Users\L E N O V O\.m2\repository\com\vladsch\flexmark\flexmark-util\0.62.2\flexmark-util-0.62.2.jar;C:\Users\L E N O V O\.m2\repository\com\vladsch\flexmark\flexmark-util-options\0.62.2\flexmark-util-options-0.62.2.jar;C:\Users\L E N O V O\.m2\repository\com\vladsch\flexmark\flexmark-ext-autolink\0.62.2\flexmark-ext-autolink-0.62.2.jar;C:\Users\L E N O V O\.m2\repository\org\nibor\autolink\autolink\0.6.0\autolink-0.6.0.jar;C:\Users\L E N O V O\.m2\repository\com\vladsch\flexmark\flexmark-ext-definition\0.62.2\flexmark-ext-definition-0.62.2.jar;C:\Users\L E N O V O\.m2\repository\com\vladsch\flexmark\flexmark-ext-escaped-character\0.62.2\flexmark-ext-escaped-character-0.62.2.jar;C:\Users\L E N O V O\.m2\repository\com\vladsch\flexmark\flexmark-ext-gfm-strikethrough\0.62.2\flexmark-ext-gfm-strikethrough-0.62.2.jar;C:\Users\L E N O V O\.m2\repository\com\vladsch\flexmark\flexmark-ext-tables\0.62.2\flexmark-ext-tables-0.62.2.jar;C:\Users\L E N O V O\.m2\repository\com\vladsch\flexmark\flexmark-ext-typographic\0.62.2\flexmark-ext-typographic-0.62.2.jar;C:\Users\L E N O V O\.m2\repository\com\vladsch\flexmark\flexmark-ext-wikilink\0.62.2\flexmark-ext-wikilink-0.62.2.jar;C:\Users\L E N O V O\.m2\repository\com\vladsch\flexmark\flexmark-ext-yaml-front-matter\0.62.2\flexmark-ext-yaml-front-matter-0.62.2.jar;C:\Users\L E N O V O\.m2\repository\org\jetbrains\annotations\24.1.0\annotations-24.1.0.jar;C:\Users\L E N O V O\.m2\repository\org\apache\maven\doxia\doxia-site-model\2.0.0-M18\doxia-site-model-2.0.0-M18.jar;C:\Users\L E N O V O\.m2\repository\org\eclipse\sisu\org.eclipse.sisu.plexus\0.9.0.M2\org.eclipse.sisu.plexus-0.9.0.M2.jar;C:\Users\L E N O V O\.m2\repository\javax\annotation\javax.annotation-api\1.2\javax.annotation-api-1.2.jar;C:\Users\L E N O V O\.m2\repository\javax\enterprise\cdi-api\1.2\cdi-api-1.2.jar;C:\Users\L E N O V O\.m2\repository\org\eclipse\sisu\org.eclipse.sisu.inject\0.9.0.M2\org.eclipse.sisu.inject-0.9.0.M2.jar;C:\Users\L E N O V O\.m2\repository\org\apache\maven\doxia\doxia-site-renderer\2.0.0-M18\doxia-site-renderer-2.0.0-M18.jar;C:\Users\L E N O V O\.m2\repository\org\apache\maven\doxia\doxia-skin-model\2.0.0-M18\doxia-skin-model-2.0.0-M18.jar;C:\Users\L E N O V O\.m2\repository\org\codehaus\plexus\plexus-velocity\2.1.0\plexus-velocity-2.1.0.jar;C:\Users\L E N O V O\.m2\repository\org\apache\velocity\velocity-engine-core\2.3\velocity-engine-core-2.3.jar;C:\Users\L E N O V O\.m2\repository\org\apache\velocity\tools\velocity-tools-generic\3.1\velocity-tools-generic-3.1.jar;C:\Users\L E N O V O\.m2\repository\org\apache\commons\commons-digester3\3.2\commons-digester3-3.2.jar;C:\Users\L E N O V O\.m2\repository\com\github\cliftonlabs\json-simple\3.0.2\json-simple-3.0.2.jar;C:\Users\L E N O V O\.m2\repository\org\apache\maven\doxia\doxia-integration-tools\2.0.0-M18\doxia-integration-tools-2.0.0-M18.jar;C:\Users\L E N O V O\.m2\repository\org\eclipse\jetty\jetty-server\9.4.54.v20240208\jetty-server-9.4.54.v20240208.jar;C:\Users\L E N O V O\.m2\repository\javax\servlet\javax.servlet-api\3.1.0\javax.servlet-api-3.1.0.jar;C:\Users\L E N O V O\.m2\repository\org\eclipse\jetty\jetty-io\9.4.54.v20240208\jetty-io-9.4.54.v20240208.jar;C:\Users\L E N O V O\.m2\repository\org\eclipse\jetty\jetty-http\9.4.54.v20240208\jetty-http-9.4.54.v20240208.jar;C:\Users\L E N O V O\.m2\repository\org\eclipse\jetty\jetty-servlet\9.4.54.v20240208\jetty-servlet-9.4.54.v20240208.jar;C:\Users\L E N O V O\.m2\repository\org\eclipse\jetty\jetty-security\9.4.54.v20240208\jetty-security-9.4.54.v20240208.jar;C:\Users\L E N O V O\.m2\repository\org\eclipse\jetty\jetty-util-ajax\9.4.54.v20240208\jetty-util-ajax-9.4.54.v20240208.jar;C:\Users\L E N O V O\.m2\repository\org\eclipse\jetty\jetty-webapp\9.4.54.v20240208\jetty-webapp-9.4.54.v20240208.jar;C:\Users\L E N O V O\.m2\repository\org\eclipse\jetty\jetty-xml\9.4.54.v20240208\jetty-xml-9.4.54.v20240208.jar;C:\Users\L E N O V O\.m2\repository\org\eclipse\jetty\jetty-util\9.4.54.v20240208\jetty-util-9.4.54.v20240208.jar;C:\Users\L E N O V O\.m2\repository\org\apache\maven\plugins\maven-project-info-reports-plugin\3.5.0\maven-project-info-reports-plugin-3.5.0.jar;C:\Users\L E N O V O\.m2\repository\org\apache\maven\reporting\maven-reporting-impl\3.2.0\maven-reporting-impl-3.2.0.jar;C:\Users\L E N O V O\.m2\repository\org\apache\maven\shared\maven-dependency-tree\3.2.1\maven-dependency-tree-3.2.1.jar;C:\Users\L E N O V O\.m2\repository\org\apache\maven\shared\maven-shared-jar\3.0.0\maven-shared-jar-3.0.0.jar;C:\Users\L E N O V O\.m2\repository\org\apache\bcel\bcel\6.7.0\bcel-6.7.0.jar;C:\Users\L E N O V O\.m2\repository\org\apache\commons\commons-collections4\4.4\commons-collections4-4.4.jar;C:\Users\L E N O V O\.m2\repository\org\eclipse\aether\aether-api\1.0.0.v20140518\aether-api-1.0.0.v20140518.jar;C:\Users\L E N O V O\.m2\repository\org\apache\maven\shared\maven-common-artifact-filters\3.3.2\maven-common-artifact-filters-3.3.2.jar;C:\Users\L E N O V O\.m2\repository\org\apache\maven\shared\maven-artifact-transfer\0.13.1\maven-artifact-transfer-0.13.1.jar;C:\Users\L E N O V O\.m2\repository\org\codehaus\plexus\plexus-component-annotations\2.0.0\plexus-component-annotations-2.0.0.jar;C:\Users\L E N O V O\.m2\repository\org\apache\maven\scm\maven-scm-api\2.0.1\maven-scm-api-2.0.1.jar;C:\Users\L E N O V O\.m2\repository\org\apache\maven\scm\maven-scm-manager-plexus\2.0.1\maven-scm-manager-plexus-2.0.1.jar;C:\Users\L E N O V O\.m2\repository\org\apache\maven\scm\maven-scm-provider-hg\2.0.1\maven-scm-provider-hg-2.0.1.jar;C:\Users\L E N O V O\.m2\repository\org\apache\maven\scm\maven-scm-provider-svn-commons\2.0.1\maven-scm-provider-svn-commons-2.0.1.jar;C:\Users\L E N O V O\.m2\repository\org\apache\maven\scm\maven-scm-provider-svnexe\2.0.1\maven-scm-provider-svnexe-2.0.1.jar;C:\Users\L E N O V O\.m2\repository\org\apache\maven\scm\maven-scm-provider-git-commons\2.0.1\maven-scm-provider-git-commons-2.0.1.jar;C:\Users\L E N O V O\.m2\repository\org\apache\maven\scm\maven-scm-provider-gitexe\2.0.1\maven-scm-provider-gitexe-2.0.1.jar;C:\Users\L E N O V O\.m2\repository\org\apache\maven\doxia\doxia-decoration-model\1.11.1\doxia-decoration-model-1.11.1.jar;C:\Users\L E N O V O\.m2\repository\commons-validator\commons-validator\1.7\commons-validator-1.7.jar;C:\Users\L E N O V O\.m2\repository\commons-beanutils\commons-beanutils\1.9.4\commons-beanutils-1.9.4.jar;C:\Users\L E N O V O\.m2\repository\commons-digester\commons-digester\2.1\commons-digester-2.1.jar;C:\Users\L E N O V O\.m2\repository\commons-logging\commons-logging\1.2\commons-logging-1.2.jar;C:\Users\L E N O V O\.m2\repository\commons-collections\commons-collections\3.2.2\commons-collections-3.2.2.jar;C:\Users\L E N O V O\.m2\repository\org\apache\maven\maven-artifact\4.0.0-alpha-13\maven-artifact-4.0.0-alpha-13.jar;C:\Users\L E N O V O\.m2\repository\org\apache\maven\plugins\maven-compiler-plugin\3.13.0\maven-compiler-plugin-3.13.0.jar;C:\Users\L E N O V O\.m2\repository\org\apache\maven\shared\maven-shared-incremental\1.1\maven-shared-incremental-1.1.jar;C:\Users\L E N O V O\.m2\repository\org\codehaus\plexus\plexus-java\1.2.0\plexus-java-1.2.0.jar;C:\Users\L E N O V O\.m2\repository\org\ow2\asm\asm\9.6\asm-9.6.jar;C:\Users\L E N O V O\.m2\repository\com\thoughtworks\qdox\qdox\2.0.3\qdox-2.0.3.jar;C:\Users\L E N O V O\.m2\repository\org\codehaus\plexus\plexus-compiler-api\2.15.0\plexus-compiler-api-2.15.0.jar;C:\Users\L E N O V O\.m2\repository\org\codehaus\plexus\plexus-compiler-manager\2.15.0\plexus-compiler-manager-2.15.0.jar;C:\Users\L E N O V O\.m2\repository\org\codehaus\plexus\plexus-compiler-javac\2.15.0\plexus-compiler-javac-2.15.0.jar;C:\Users\L E N O V O\.m2\repository\org\apache\maven\maven-core\4.0.0-alpha-13\maven-core-4.0.0-alpha-13.jar;C:\Users\L E N O V O\.m2\repository\org\apache\maven\maven-di\4.0.0-alpha-13\maven-di-4.0.0-alpha-13.jar;C:\Users\L E N O V O\.m2\repository\org\apache\maven\maven-api-di\4.0.0-alpha-13\maven-api-di-4.0.0-alpha-13.jar;C:\Users\L E N O V O\.m2\repository\org\apache\maven\maven-xml-impl\4.0.0-alpha-13\maven-xml-impl-4.0.0-alpha-13.jar;C:\Users\L E N O V O\.m2\repository\org\apache\maven\maven-api-xml\4.0.0-alpha-13\maven-api-xml-4.0.0-alpha-13.jar;C:\Users\L E N O V O\.m2\repository\com\fasterxml\woodstox\woodstox-core\6.5.1\woodstox-core-6.5.1.jar;C:\Users\L E N O V O\.m2\repository\org\codehaus\woodstox\stax2-api\4.2.1\stax2-api-4.2.1.jar;C:\Users\L E N O V O\.m2\repository\org\apache\maven\maven-model\4.0.0-alpha-13\maven-model-4.0.0-alpha-13.jar;C:\Users\L E N O V O\.m2\repository\org\apache\maven\maven-api-model\4.0.0-alpha-13\maven-api-model-4.0.0-alpha-13.jar;C:\Users\L E N O V O\.m2\repository\org\apache\maven\maven-settings\4.0.0-alpha-13\maven-settings-4.0.0-alpha-13.jar;C:\Users\L E N O V O\.m2\repository\org\apache\maven\maven-api-settings\4.0.0-alpha-13\maven-api-settings-4.0.0-alpha-13.jar;C:\Users\L E N O V O\.m2\repository\org\apache\maven\maven-settings-builder\4.0.0-alpha-13\maven-settings-builder-4.0.0-alpha-13.jar;C:\Users\L E N O V O\.m2\repository\org\apache\maven\maven-builder-support\4.0.0-alpha-13\maven-builder-support-4.0.0-alpha-13.jar;C:\Users\L E N O V O\.m2\repository\org\codehaus\plexus\plexus-sec-dispatcher\2.0\plexus-sec-dispatcher-2.0.jar;C:\Users\L E N O V O\.m2\repository\org\codehaus\plexus\plexus-cipher\2.0\plexus-cipher-2.0.jar;C:\Users\L E N O V O\.m2\repository\org\apache\maven\maven-toolchain-model\4.0.0-alpha-13\maven-toolchain-model-4.0.0-alpha-13.jar;C:\Users\L E N O V O\.m2\repository\org\apache\maven\maven-api-toolchain\4.0.0-alpha-13\maven-api-toolchain-4.0.0-alpha-13.jar;C:\Users\L E N O V O\.m2\repository\org\apache\maven\maven-toolchain-builder\4.0.0-alpha-13\maven-toolchain-builder-4.0.0-alpha-13.jar;C:\Users\L E N O V O\.m2\repository\org\apache\maven\maven-repository-metadata\4.0.0-alpha-13\maven-repository-metadata-4.0.0-alpha-13.jar;C:\Users\L E N O V O\.m2\repository\org\apache\maven\maven-plugin-api\4.0.0-alpha-13\maven-plugin-api-4.0.0-alpha-13.jar;C:\Users\L E N O V O\.m2\repository\org\apache\maven\maven-api-plugin\4.0.0-alpha-13\maven-api-plugin-4.0.0-alpha-13.jar;C:\Users\L E N O V O\.m2\repository\org\apache\maven\maven-model-builder\4.0.0-alpha-13\maven-model-builder-4.0.0-alpha-13.jar;C:\Users\L E N O V O\.m2\repository\org\apache\maven\maven-resolver-provider\4.0.0-alpha-13\maven-resolver-provider-4.0.0-alpha-13.jar;C:\Users\L E N O V O\.m2\repository\org\apache\maven\maven-api-core\4.0.0-alpha-13\maven-api-core-4.0.0-alpha-13.jar;C:\Users\L E N O V O\.m2\repository\org\apache\maven\maven-api-meta\4.0.0-alpha-13\maven-api-meta-4.0.0-alpha-13.jar;C:\Users\L E N O V O\.m2\repository\org\apache\maven\maven-api-spi\4.0.0-alpha-13\maven-api-spi-4.0.0-alpha-13.jar;C:\Users\L E N O V O\.m2\repository\org\apache\maven\resolver\maven-resolver-api\2.0.0-alpha-8\maven-resolver-api-2.0.0-alpha-8.jar;C:\Users\L E N O V O\.m2\repository\org\apache\maven\resolver\maven-resolver-spi\2.0.0-alpha-8\maven-resolver-spi-2.0.0-alpha-8.jar;C:\Users\L E N O V O\.m2\repository\org\apache\maven\resolver\maven-resolver-impl\2.0.0-alpha-8\maven-resolver-impl-2.0.0-alpha-8.jar;C:\Users\L E N O V O\.m2\repository\org\apache\maven\resolver\maven-resolver-named-locks\2.0.0-alpha-8\maven-resolver-named-locks-2.0.0-alpha-8.jar;C:\Users\L E N O V O\.m2\repository\org\codehaus\plexus\plexus-classworlds\2.6.0\plexus-classworlds-2.6.0.jar;C:\Users\L E N O V O\.m2\repository\org\apache\maven\plugins\maven-surefire-plugin\3.2.5\maven-surefire-plugin-3.2.5.jar;C:\Users\L E N O V O\.m2\repository\org\apache\maven\surefire\maven-surefire-common\3.2.5\maven-surefire-common-3.2.5.jar;C:\Users\L E N O V O\.m2\repository\org\apache\maven\surefire\surefire-api\3.2.5\surefire-api-3.2.5.jar;C:\Users\L E N O V O\.m2\repository\org\apache\maven\surefire\surefire-logger-api\3.2.5\surefire-logger-api-3.2.5.jar;C:\Users\L E N O V O\.m2\repository\org\apache\maven\surefire\surefire-extensions-api\3.2.5\surefire-extensions-api-3.2.5.jar;C:\Users\L E N O V O\.m2\repository\org\apache\maven\surefire\surefire-booter\3.2.5\surefire-booter-3.2.5.jar;C:\Users\L E N O V O\.m2\repository\org\apache\maven\surefire\surefire-extensions-spi\3.2.5\surefire-extensions-spi-3.2.5.jar;C:\Users\L E N O V O\.m2\repository\org\apache\maven\surefire\surefire-shared-utils\3.2.5\surefire-shared-utils-3.2.5.jar;C:\Users\L E N O V O\.m2\repository\junit\junit\4.13.2\junit-4.13.2.jar;C:\Users\L E N O V O\.m2\repository\org\hamcrest\hamcrest-core\1.3\hamcrest-core-1.3.jar;C:\Users\L E N O V O\.m2\repository\io\cucumber\cucumber-java\7.16.1\cucumber-java-7.16.1.jar;C:\Users\L E N O V O\.m2\repository\org\apiguardian\apiguardian-api\1.1.2\apiguardian-api-1.1.2.jar;C:\Users\L E N O V O\.m2\repository\io\cucumber\cucumber-junit\7.16.1\cucumber-junit-7.16.1.jar;C:\Users\L E N O V O\.m2\repository\io\cucumber\cucumber-core\7.16.1\cucumber-core-7.16.1.jar;C:\Users\L E N O V O\.m2\repository\io\cucumber\cucumber-gherkin\7.16.1\cucumber-gherkin-7.16.1.jar;C:\Users\L E N O V O\.m2\repository\io\cucumber\cucumber-gherkin-messages\7.16.1\cucumber-gherkin-messages-7.16.1.jar;C:\Users\L E N O V O\.m2\repository\io\cucumber\gherkin\28.0.0\gherkin-28.0.0.jar;C:\Users\L E N O V O\.m2\repository\io\cucumber\messages\24.1.0\messages-24.1.0.jar;C:\Users\L E N O V O\.m2\repository\io\cucumber\tag-expressions\6.1.0\tag-expressions-6.1.0.jar;C:\Users\L E N O V O\.m2\repository\io\cucumber\cucumber-expressions\17.1.0\cucumber-expressions-17.1.0.jar;C:\Users\L E N O V O\.m2\repository\io\cucumber\datatable\7.16.1\datatable-7.16.1.jar;C:\Users\L E N O V O\.m2\repository\io\cucumber\cucumber-plugin\7.16.1\cucumber-plugin-7.16.1.jar;C:\Users\L E N O V O\.m2\repository\io\cucumber\docstring\7.16.1\docstring-7.16.1.jar;C:\Users\L E N O V O\.m2\repository\io\cucumber\html-formatter\21.3.0\html-formatter-21.3.0.jar;C:\Users\L E N O V O\.m2\repository\io\cucumber\junit-xml-formatter\0.3.0\junit-xml-formatter-0.3.0.jar;C:\Users\L E N O V O\.m2\repository\io\cucumber\ci-environment\10.0.1\ci-environment-10.0.1.jar;C:\Users\L E N O V O\.m2\repository\org\seleniumhq\selenium\selenium-java\4.21.0\selenium-java-4.21.0.jar;C:\Users\L E N O V O\.m2\repository\org\seleniumhq\selenium\selenium-api\4.21.0\selenium-api-4.21.0.jar;C:\Users\L E N O V O\.m2\repository\org\seleniumhq\selenium\selenium-chrome-driver\4.21.0\selenium-chrome-driver-4.21.0.jar;C:\Users\L E N O V O\.m2\repository\com\google\auto\service\auto-service-annotations\1.1.1\auto-service-annotations-1.1.1.jar;C:\Users\L E N O V O\.m2\repository\org\seleniumhq\selenium\selenium-chromium-driver\4.21.0\selenium-chromium-driver-4.21.0.jar;C:\Users\L E N O V O\.m2\repository\org\seleniumhq\selenium\selenium-json\4.21.0\selenium-json-4.21.0.jar;C:\Users\L E N O V O\.m2\repository\org\seleniumhq\selenium\selenium-manager\4.21.0\selenium-manager-4.21.0.jar;C:\Users\L E N O V O\.m2\repository\org\seleniumhq\selenium\selenium-devtools-v123\4.21.0\selenium-devtools-v123-4.21.0.jar;C:\Users\L E N O V O\.m2\repository\org\seleniumhq\selenium\selenium-devtools-v124\4.21.0\selenium-devtools-v124-4.21.0.jar;C:\Users\L E N O V O\.m2\repository\org\seleniumhq\selenium\selenium-devtools-v125\4.21.0\selenium-devtools-v125-4.21.0.jar;C:\Users\L E N O V O\.m2\repository\org\seleniumhq\selenium\selenium-devtools-v85\4.21.0\selenium-devtools-v85-4.21.0.jar;C:\Users\L E N O V O\.m2\repository\org\seleniumhq\selenium\selenium-edge-driver\4.21.0\selenium-edge-driver-4.21.0.jar;C:\Users\L E N O V O\.m2\repository\org\seleniumhq\selenium\selenium-firefox-driver\4.21.0\selenium-firefox-driver-4.21.0.jar;C:\Users\L E N O V O\.m2\repository\org\seleniumhq\selenium\selenium-http\4.21.0\selenium-http-4.21.0.jar;C:\Users\L E N O V O\.m2\repository\dev\failsafe\failsafe\3.3.2\failsafe-3.3.2.jar;C:\Users\L E N O V O\.m2\repository\org\seleniumhq\selenium\selenium-ie-driver\4.21.0\selenium-ie-driver-4.21.0.jar;C:\Users\L E N O V O\.m2\repository\org\seleniumhq\selenium\selenium-remote-driver\4.21.0\selenium-remote-driver-4.21.0.jar;C:\Users\L E N O V O\.m2\repository\com\google\guava\guava\33.2.0-jre\guava-33.2.0-jre.jar;C:\Users\L E N O V O\.m2\repository\com\google\guava\failureaccess\1.0.2\failureaccess-1.0.2.jar;C:\Users\L E N O V O\.m2\repository\com\google\guava\listenablefuture\9999.0-empty-to-avoid-conflict-with-guava\listenablefuture-9999.0-empty-to-avoid-conflict-with-guava.jar;C:\Users\L E N O V O\.m2\repository\com\google\code\findbugs\jsr305\3.0.2\jsr305-3.0.2.jar;C:\Users\L E N O V O\.m2\repository\org\checkerframework\checker-qual\3.42.0\checker-qual-3.42.0.jar;C:\Users\L E N O V O\.m2\repository\com\google\errorprone\error_prone_annotations\2.26.1\error_prone_annotations-2.26.1.jar;C:\Users\L E N O V O\.m2\repository\com\google\j2objc\j2objc-annotations\3.0.0\j2objc-annotations-3.0.0.jar;C:\Users\L E N O V O\.m2\repository\io\opentelemetry\semconv\opentelemetry-semconv\1.25.0-alpha\opentelemetry-semconv-1.25.0-alpha.jar;C:\Users\L E N O V O\.m2\repository\io\opentelemetry\opentelemetry-api\1.38.0\opentelemetry-api-1.38.0.jar;C:\Users\L E N O V O\.m2\repository\io\opentelemetry\opentelemetry-context\1.38.0\opentelemetry-context-1.38.0.jar;C:\Users\L E N O V O\.m2\repository\io\opentelemetry\opentelemetry-exporter-logging\1.38.0\opentelemetry-exporter-logging-1.38.0.jar;C:\Users\L E N O V O\.m2\repository\io\opentelemetry\opentelemetry-sdk-common\1.38.0\opentelemetry-sdk-common-1.38.0.jar;C:\Users\L E N O V O\.m2\repository\io\opentelemetry\opentelemetry-sdk-extension-autoconfigure-spi\1.38.0\opentelemetry-sdk-extension-autoconfigure-spi-1.38.0.jar;C:\Users\L E N O V O\.m2\repository\io\opentelemetry\opentelemetry-sdk-extension-autoconfigure\1.38.0\opentelemetry-sdk-extension-autoconfigure-1.38.0.jar;C:\Users\L E N O V O\.m2\repository\io\opentelemetry\opentelemetry-api-incubator\1.38.0-alpha\opentelemetry-api-incubator-1.38.0-alpha.jar;C:\Users\L E N O V O\.m2\repository\io\opentelemetry\opentelemetry-sdk-trace\1.38.0\opentelemetry-sdk-trace-1.38.0.jar;C:\Users\L E N O V O\.m2\repository\io\opentelemetry\opentelemetry-sdk\1.38.0\opentelemetry-sdk-1.38.0.jar;C:\Users\L E N O V O\.m2\repository\io\opentelemetry\opentelemetry-sdk-metrics\1.38.0\opentelemetry-sdk-metrics-1.38.0.jar;C:\Users\L E N O V O\.m2\repository\io\opentelemetry\opentelemetry-sdk-logs\1.38.0\opentelemetry-sdk-logs-1.38.0.jar;C:\Users\L E N O V O\.m2\repository\net\bytebuddy\byte-buddy\1.14.15\byte-buddy-1.14.15.jar;C:\Users\L E N O V O\.m2\repository\org\seleniumhq\selenium\selenium-os\4.21.0\selenium-os-4.21.0.jar;C:\Users\L E N O V O\.m2\repository\org\apache\commons\commons-exec\1.4.0\commons-exec-1.4.0.jar;C:\Users\L E N O V O\.m2\repository\org\seleniumhq\selenium\selenium-safari-driver\4.21.0\selenium-safari-driver-4.21.0.jar;C:\Users\L E N O V O\.m2\repository\org\seleniumhq\selenium\selenium-support\4.21.0\selenium-support-4.21.0.jar;"/>
    <property name="sun.cpu.endian" value="little"/>
    <property name="user.home" value="C:\Users\L E N O V O"/>
    <property name="user.language" value="en"/>
    <property name="java.specification.vendor" value="Oracle Corporation"/>
    <property name="java.version.date" value="2023-10-17"/>
    <property name="java.home" value="C:\Program Files\Java\jdk-11"/>
    <property name="file.separator" value="\"/>
    <property name="basedir" value="C:\Users\L E N O V O\Desktop\frameworkworkspace\TutorialsNinjaProj"/>
    <property name="java.vm.compressedOopsMode" value="32-bit"/>
    <property name="line.separator" value="&#10;"/>
    <property name="java.specification.name" value="Java Platform API Specification"/>
    <property name="java.vm.specification.vendor" value="Oracle Corporation"/>
    <property name="java.awt.graphicsenv" value="sun.awt.Win32GraphicsEnvironment"/>
    <property name="surefire.real.class.path" value="C:\Users\L E N O V O\AppData\Local\Temp\surefire5762778557207374151\surefirebooter-20240527000639882_3.jar"/>
    <property name="user.script" value=""/>
    <property name="sun.management.compiler" value="HotSpot 64-Bit Tiered Compilers"/>
    <property name="java.runtime.version" value="11.0.21+9-LTS-193"/>
    <property name="user.name" value="L E N O V O"/>
    <property name="path.separator" value=";"/>
    <property name="os.version" value="10.0"/>
    <property name="java.runtime.name" value="Java(TM) SE Runtime Environment"/>
    <property name="file.encoding" value="Cp1252"/>
    <property name="java.vm.name" value="Java HotSpot(TM) 64-Bit Server VM"/>
    <property name="java.vendor.version" value="18.9"/>
    <property name="localRepository" value="C:\Users\L E N O V O\.m2\repository"/>
    <property name="java.vendor.url.bug" value="https://bugreport.java.com/bugreport/"/>
    <property name="java.io.tmpdir" value="C:\Users\LENOVO~1\AppData\Local\Temp\"/>
    <property name="java.version" value="11.0.21"/>
    <property name="user.dir" value="C:\Users\L E N O V O\Desktop\frameworkworkspace\TutorialsNinjaProj"/>
    <property name="os.arch" value="amd64"/>
    <property name="java.vm.specification.name" value="Java Virtual Machine Specification"/>
    <property name="java.awt.printerjob" value="sun.awt.windows.WPrinterJob"/>
    <property name="sun.os.patch.level" value=""/>
    <property name="java.library.path" value="C:\Program Files\Java\jdk-11\bin;C:\Windows\Sun\Java\bin;C:\Windows\system32;C:\Windows;C:\Program Files\Common Files\Oracle\Java\javapath;C:\Windows\system32;C:\Windows;C:\Windows\System32\Wbem;C:\Windows\System32\WindowsPowerShell\v1.0\;C:\Windows\System32\OpenSSH\;C:\Program Files (x86)\NVIDIA Corporation\PhysX\Common;C:\Program Files\NVIDIA Corporation\NVIDIA NvDLISR;C:\;C:\apache-maven-3.9.7\bin;C:\Users\L E N O V O\AppData\Local\Microsoft\WindowsApps;."/>
    <property name="java.vendor" value="Oracle Corporation"/>
    <property name="java.vm.info" value="mixed mode"/>
    <property name="java.vm.version" value="11.0.21+9-LTS-193"/>
    <property name="java.specification.maintenance.version" value="2"/>
    <property name="sun.io.unicode.encoding" value="UnicodeLittle"/>
    <property name="java.class.version" value="55.0"/>
  </properties>
  <testcase name="Login with Valid Credentials #1" classname="Login Functionality" time="8.705">
    <system-out><![CDATA[
Scenario Outline: Login with Valid Credentials                                         &amp#27;[90m# src/test/resource/features/Login.feature:12&amp#27;[0m
  &amp#27;[32mGiven &amp#27;[0m&amp#27;[32mUser navigates to login page&amp#27;[0m                                                   &amp#27;[90m# stepdefinitions.Login.User_navigates_to_login_page()&amp#27;[0m
  &amp#27;[32mWhen &amp#27;[0m&amp#27;[32mUser enters valid email address &amp#27;[0m&amp#27;[32m&amp#27;[1manushasampathi08@gmail.com&amp#27;[0m&amp#27;[32m into the email field&amp#27;[0m &amp#27;[90m# stepdefinitions.Login.user_enters_valid_email_address_into_the_email_field(java.lang.String)&amp#27;[0m
  &amp#27;[32mAnd &amp#27;[0m&amp#27;[32mUser enters valid password &amp#27;[0m&amp#27;[32m&amp#27;[1mAnu@9863&amp#27;[0m&amp#27;[32m into the password field&amp#27;[0m                      &amp#27;[90m# stepdefinitions.Login.user_enters_valid_password_into_the_password_field(java.lang.String)&amp#27;[0m
  &amp#27;[32mAnd &amp#27;[0m&amp#27;[32mUser Clicks on login button&amp#27;[0m                                                      &amp#27;[90m# stepdefinitions.Login.user_clicks_on_login_button()&amp#27;[0m
  &amp#27;[32mThen &amp#27;[0m&amp#27;[32mUser should get successfully logged in&amp#27;[0m                                          &amp#27;[90m# stepdefinitions.Login.user_should_get_successfully_logged_in()&amp#27;[0m
]]></system-out>
  </testcase>
  <testcase name="Login with Valid Credentials #2" classname="Login Functionality" time="6.201">
    <system-out><![CDATA[
Scenario Outline: Login with Valid Credentials                                     &amp#27;[90m# src/test/resource/features/Login.feature:13&amp#27;[0m
  &amp#27;[32mGiven &amp#27;[0m&amp#27;[32mUser navigates to login page&amp#27;[0m                                               &amp#27;[90m# stepdefinitions.Login.User_navigates_to_login_page()&amp#27;[0m
  &amp#27;[32mWhen &amp#27;[0m&amp#27;[32mUser enters valid email address &amp#27;[0m&amp#27;[32m&amp#27;[1mamotooricap1@gmail.com&amp#27;[0m&amp#27;[32m into the email field&amp#27;[0m &amp#27;[90m# stepdefinitions.Login.user_enters_valid_email_address_into_the_email_field(java.lang.String)&amp#27;[0m
  &amp#27;[32mAnd &amp#27;[0m&amp#27;[32mUser enters valid password &amp#27;[0m&amp#27;[32m&amp#27;[1m12345&amp#27;[0m&amp#27;[32m into the password field&amp#27;[0m                     &amp#27;[90m# stepdefinitions.Login.user_enters_valid_password_into_the_password_field(java.lang.String)&amp#27;[0m
  &amp#27;[32mAnd &amp#27;[0m&amp#27;[32mUser Clicks on login button&amp#27;[0m                                                  &amp#27;[90m# stepdefinitions.Login.user_clicks_on_login_button()&amp#27;[0m
  &amp#27;[32mThen &amp#27;[0m&amp#27;[32mUser should get successfully logged in&amp#27;[0m                                      &amp#27;[90m# stepdefinitions.Login.user_should_get_successfully_logged_in()&amp#27;[0m
]]></system-out>
  </testcase>
  <testcase name="Login with Invalid Credentials" classname="Login Functionality" time="4.265">
    <system-out><![CDATA[
Scenario: Login with Invalid Credentials                                         &amp#27;[90m# src/test/resource/features/Login.feature:16&amp#27;[0m
  &amp#27;[32mGiven &amp#27;[0m&amp#27;[32mUser navigates to login page&amp#27;[0m                                             &amp#27;[90m# stepdefinitions.Login.User_navigates_to_login_page()&amp#27;[0m
  &amp#27;[32mWhen &amp#27;[0m&amp#27;[32mUser enters invalid email address &amp#27;[0m&amp#27;[32m&amp#27;[1m"anusha@gmail.com"&amp#27;[0m&amp#27;[32m into the email field&amp#27;[0m &amp#27;[90m# stepdefinitions.Login.user_enters_invalid_email_address_into_the_email_field(java.lang.String)&amp#27;[0m
  &amp#27;[32mAnd &amp#27;[0m&amp#27;[32mUser enters invalid password &amp#27;[0m&amp#27;[32m&amp#27;[1m"123566"&amp#27;[0m&amp#27;[32m into the password field&amp#27;[0m              &amp#27;[90m# stepdefinitions.Login.user_enters_invalid_password_into_the_password_field(java.lang.String)&amp#27;[0m
  &amp#27;[32mAnd &amp#27;[0m&amp#27;[32mUser Clicks on login button&amp#27;[0m                                                &amp#27;[90m# stepdefinitions.Login.user_clicks_on_login_button()&amp#27;[0m
  &amp#27;[32mThen &amp#27;[0m&amp#27;[32mUser should get a proper warning message about credentials mismatch&amp#27;[0m       &amp#27;[90m# stepdefinitions.Login.user_should_get_a_proper_warning_message_about_credentials_mismatch()&amp#27;[0m
]]></system-out>
  </testcase>
  <testcase name="Login with Valid email and Invalid password" classname="Login Functionality" time="3.472">
    <failure type="junit.framework.AssertionFailedError"><![CDATA[junit.framework.AssertionFailedError
	at junit.framework.Assert.fail(Assert.java:55)
	at junit.framework.Assert.assertTrue(Assert.java:22)
	at junit.framework.Assert.assertTrue(Assert.java:31)
	at stepdefinitions.Login.user_should_get_a_proper_warning_message_about_credentials_mismatch(Login.java:75)
	at ✽.User should get a proper warning message about credentials mismatch(file:///C:/Users/L%20E%20N%20O%20V%20O/Desktop/frameworkworkspace/TutorialsNinjaProj/src/test/resource/features/Login.feature:30)
]]></failure>
    <system-out><![CDATA[
Scenario: Login with Valid email and Invalid password                                    &amp#27;[90m# src/test/resource/features/Login.feature:24&amp#27;[0m
  &amp#27;[32mGiven &amp#27;[0m&amp#27;[32mUser navigates to login page&amp#27;[0m                                                     &amp#27;[90m# stepdefinitions.Login.User_navigates_to_login_page()&amp#27;[0m
  &amp#27;[32mWhen &amp#27;[0m&amp#27;[32mUser enters valid email address &amp#27;[0m&amp#27;[32m&amp#27;[1m"anushasampathi08@gmail.com"&amp#27;[0m&amp#27;[32m into the email field&amp#27;[0m &amp#27;[90m# stepdefinitions.Login.user_enters_valid_email_address_into_the_email_field(java.lang.String)&amp#27;[0m
  &amp#27;[32mAnd &amp#27;[0m&amp#27;[32mUser enters invalid password &amp#27;[0m&amp#27;[32m&amp#27;[1m"154666"&amp#27;[0m&amp#27;[32m into the password field&amp#27;[0m                      &amp#27;[90m# stepdefinitions.Login.user_enters_invalid_password_into_the_password_field(java.lang.String)&amp#27;[0m
  &amp#27;[32mAnd &amp#27;[0m&amp#27;[32mUser Clicks on login button&amp#27;[0m                                                        &amp#27;[90m# stepdefinitions.Login.user_clicks_on_login_button()&amp#27;[0m
  &amp#27;[31mThen &amp#27;[0m&amp#27;[31mUser should get a proper warning message about credentials mismatch&amp#27;[0m               &amp#27;[90m# stepdefinitions.Login.user_should_get_a_proper_warning_message_about_credentials_mismatch()&amp#27;[0m
      &amp#27;[31mjunit.framework.AssertionFailedError
	at junit.framework.Assert.fail(Assert.java:55)
	at junit.framework.Assert.assertTrue(Assert.java:22)
	at junit.framework.Assert.assertTrue(Assert.java:31)
	at stepdefinitions.Login.user_should_get_a_proper_warning_message_about_credentials_mismatch(Login.java:75)
	at âœ½.User should get a proper warning message about credentials mismatch(file:///C:/Users/L%20E%20N%20O%20V%20O/Desktop/frameworkworkspace/TutorialsNinjaProj/src/test/resource/features/Login.feature:30)
&amp#27;[0m

    Embedding Login_with_Valid_email_and_Invalid_password [image/png 58916 bytes]

]]></system-out>
  </testcase>
  <testcase name="Login with Invalid email and valid password" classname="Login Functionality" time="6.284">
    <system-out><![CDATA[
Scenario: Login with Invalid email and valid password                            &amp#27;[90m# src/test/resource/features/Login.feature:32&amp#27;[0m
  &amp#27;[32mGiven &amp#27;[0m&amp#27;[32mUser navigates to login page&amp#27;[0m                                             &amp#27;[90m# stepdefinitions.Login.User_navigates_to_login_page()&amp#27;[0m
  &amp#27;[32mWhen &amp#27;[0m&amp#27;[32mUser enters invalid email address &amp#27;[0m&amp#27;[32m&amp#27;[1m"anusha@gmail.com"&amp#27;[0m&amp#27;[32m into the email field&amp#27;[0m &amp#27;[90m# stepdefinitions.Login.user_enters_invalid_email_address_into_the_email_field(java.lang.String)&amp#27;[0m
  &amp#27;[32mAnd &amp#27;[0m&amp#27;[32mUser enters valid password &amp#27;[0m&amp#27;[32m&amp#27;[1m"Anu@9863"&amp#27;[0m&amp#27;[32m into the password field&amp#27;[0m              &amp#27;[90m# stepdefinitions.Login.user_enters_valid_password_into_the_password_field(java.lang.String)&amp#27;[0m
  &amp#27;[32mAnd &amp#27;[0m&amp#27;[32mUser Clicks on login button&amp#27;[0m                                                &amp#27;[90m# stepdefinitions.Login.user_clicks_on_login_button()&amp#27;[0m
  &amp#27;[32mThen &amp#27;[0m&amp#27;[32mUser should get a proper warning message about credentials mismatch&amp#27;[0m       &amp#27;[90m# stepdefinitions.Login.user_should_get_a_proper_warning_message_about_credentials_mismatch()&amp#27;[0m
]]></system-out>
  </testcase>
  <testcase name="Login without providing any credentials" classname="Login Functionality" time="5.148">
    <system-out><![CDATA[
Scenario: Login without providing any credentials                          &amp#27;[90m# src/test/resource/features/Login.feature:41&amp#27;[0m
  &amp#27;[32mGiven &amp#27;[0m&amp#27;[32mUser navigates to login page&amp#27;[0m                                       &amp#27;[90m# stepdefinitions.Login.User_navigates_to_login_page()&amp#27;[0m
  &amp#27;[32mWhen &amp#27;[0m&amp#27;[32mUser dont enter email address into the email field&amp#27;[0m                  &amp#27;[90m# stepdefinitions.Login.user_dont_enter_email_address_into_the_email_field()&amp#27;[0m
  &amp#27;[32mAnd &amp#27;[0m&amp#27;[32mUser dont enter password into the password field&amp#27;[0m                     &amp#27;[90m# stepdefinitions.Login.user_dont_enter_password_into_the_password_field()&amp#27;[0m
  &amp#27;[32mAnd &amp#27;[0m&amp#27;[32mUser Clicks on login button&amp#27;[0m                                          &amp#27;[90m# stepdefinitions.Login.user_clicks_on_login_button()&amp#27;[0m
  &amp#27;[32mThen &amp#27;[0m&amp#27;[32mUser should get a proper warning message about credentials mismatch&amp#27;[0m &amp#27;[90m# stepdefinitions.Login.user_should_get_a_proper_warning_message_about_credentials_mismatch()&amp#27;[0m
]]></system-out>
  </testcase>
  <testcase name="User creates an account only with mandatory fields" classname="Registration Functionality" time="8.21">
    <system-out><![CDATA[
Scenario: User creates an account only with mandatory fields &amp#27;[90m# src/test/resource/features/Register.feature:4&amp#27;[0m
  &amp#27;[32mGiven &amp#27;[0m&amp#27;[32mUser navigates to Register Account page&amp#27;[0m              &amp#27;[90m# stepdefinitions.Register.user_navigates_to_register_account_page()&amp#27;[0m
  &amp#27;[32mWhen &amp#27;[0m&amp#27;[32mUser enters below details&amp#27;[0m                             &amp#27;[90m# stepdefinitions.Register.user_enters_below_details(io.cucumber.datatable.DataTable)&amp#27;[0m
    | firstName | Anusha     |
    | lastName  | Sampathi   |
    | telephone | 9052355749 |
    | password  | 12345      |
  &amp#27;[32mAnd &amp#27;[0m&amp#27;[32mUser selects Privacy Policy&amp#27;[0m                            &amp#27;[90m# stepdefinitions.Register.user_selects_privacy_policy()&amp#27;[0m
  &amp#27;[32mAnd &amp#27;[0m&amp#27;[32mUser clicks on Continue button&amp#27;[0m                         &amp#27;[90m# stepdefinitions.Register.user_clicks_on_continue_button()&amp#27;[0m
  &amp#27;[32mThen &amp#27;[0m&amp#27;[32mUser account should get created successfully&amp#27;[0m          &amp#27;[90m# stepdefinitions.Register.user_account_should_get_created_successfully()&amp#27;[0m
]]></system-out>
  </testcase>
  <testcase name="User creates an account only with all fields" classname="Registration Functionality" time="8.639">
    <system-out><![CDATA[
Scenario: User creates an account only with all fields &amp#27;[90m# src/test/resource/features/Register.feature:17&amp#27;[0m
  &amp#27;[32mGiven &amp#27;[0m&amp#27;[32mUser navigates to Register Account page&amp#27;[0m        &amp#27;[90m# stepdefinitions.Register.user_navigates_to_register_account_page()&amp#27;[0m
  &amp#27;[32mWhen &amp#27;[0m&amp#27;[32mUser enters below details&amp#27;[0m                       &amp#27;[90m# stepdefinitions.Register.user_enters_below_details(io.cucumber.datatable.DataTable)&amp#27;[0m
    | firstName | Jash       |
    | lastName  | Chinta     |
    | telephone | 9082355749 |
    | password  | 12345      |
  &amp#27;[32mAnd &amp#27;[0m&amp#27;[32mUser selects Privacy Policy&amp#27;[0m                      &amp#27;[90m# stepdefinitions.Register.user_selects_privacy_policy()&amp#27;[0m
  &amp#27;[32mAnd &amp#27;[0m&amp#27;[32mUser selects Newsletter&amp#27;[0m                          &amp#27;[90m# stepdefinitions.Register.user_selects_newsletter()&amp#27;[0m
  &amp#27;[32mAnd &amp#27;[0m&amp#27;[32mUser clicks on Continue button&amp#27;[0m                   &amp#27;[90m# stepdefinitions.Register.user_clicks_on_continue_button()&amp#27;[0m
  &amp#27;[32mThen &amp#27;[0m&amp#27;[32mUser account should get created successfully&amp#27;[0m    &amp#27;[90m# stepdefinitions.Register.user_account_should_get_created_successfully()&amp#27;[0m
]]></system-out>
  </testcase>
  <testcase name="User creates a duplicate account" classname="Registration Functionality" time="6.65">
    <system-out><![CDATA[
Scenario: User creates a duplicate account                    &amp#27;[90m# src/test/resource/features/Register.feature:31&amp#27;[0m
  &amp#27;[32mGiven &amp#27;[0m&amp#27;[32mUser navigates to Register Account page&amp#27;[0m               &amp#27;[90m# stepdefinitions.Register.user_navigates_to_register_account_page()&amp#27;[0m
  &amp#27;[32mWhen &amp#27;[0m&amp#27;[32mUser enters below details with duplicate email&amp#27;[0m         &amp#27;[90m# stepdefinitions.Register.user_enters_below_details_with_duplicate_email(io.cucumber.datatable.DataTable)&amp#27;[0m
    | firstName | Anusha                     |
    | lastName  | Sampathi                   |
    | email     | anushasampathi08@gmail.com |
    | telephone | 9052355748                 |
    | password  | Anu@9863                   |
  &amp#27;[32mAnd &amp#27;[0m&amp#27;[32mUser selects Privacy Policy&amp#27;[0m                             &amp#27;[90m# stepdefinitions.Register.user_selects_privacy_policy()&amp#27;[0m
  &amp#27;[32mAnd &amp#27;[0m&amp#27;[32mUser clicks on Continue button&amp#27;[0m                          &amp#27;[90m# stepdefinitions.Register.user_clicks_on_continue_button()&amp#27;[0m
  &amp#27;[32mThen &amp#27;[0m&amp#27;[32mUser should get a proper warning about duplicate email&amp#27;[0m &amp#27;[90m# stepdefinitions.Register.user_should_get_a_proper_warning_about_duplicate_email()&amp#27;[0m
]]></system-out>
  </testcase>
  <testcase name="User creates an account without filling any details" classname="Registration Functionality" time="7.409">
    <system-out><![CDATA[
Scenario: User creates an account without filling any details              &amp#27;[90m# src/test/resource/features/Register.feature:45&amp#27;[0m
  &amp#27;[32mGiven &amp#27;[0m&amp#27;[32mUser navigates to Register Account page&amp#27;[0m                            &amp#27;[90m# stepdefinitions.Register.user_navigates_to_register_account_page()&amp#27;[0m
  &amp#27;[32mWhen &amp#27;[0m&amp#27;[32mUser dont enter details&amp#27;[0m                                             &amp#27;[90m# stepdefinitions.Register.user_dont_enter_details()&amp#27;[0m
  &amp#27;[32mAnd &amp#27;[0m&amp#27;[32mUser clicks on Continue button&amp#27;[0m                                       &amp#27;[90m# stepdefinitions.Register.user_clicks_on_continue_button()&amp#27;[0m
  &amp#27;[32mThen &amp#27;[0m&amp#27;[32mUser should get a proper warning messages for every mandatory field&amp#27;[0m &amp#27;[90m# stepdefinitions.Register.user_should_get_a_proper_warning_messages_for_every_mandatory_field()&amp#27;[0m
]]></system-out>
  </testcase>
  <testcase name="User searches for a valid product" classname="Search Functionality" time="2.585">
    <system-out><![CDATA[
Scenario: User searches for a valid product                      &amp#27;[90m# src/test/resource/features/Search.feature:4&amp#27;[0m
  &amp#27;[32mGiven &amp#27;[0m&amp#27;[32mUser opens the Application&amp#27;[0m                               &amp#27;[90m# stepdefinitions.Search.user_opens_the_application()&amp#27;[0m
  &amp#27;[32mWhen &amp#27;[0m&amp#27;[32mUser enters valid product &amp#27;[0m&amp#27;[32m&amp#27;[1m"HP"&amp#27;[0m&amp#27;[32m into Search box field&amp#27;[0m      &amp#27;[90m# stepdefinitions.Search.user_enters_valid_product_into_search_box_field(java.lang.String)&amp#27;[0m
  &amp#27;[32mAnd &amp#27;[0m&amp#27;[32mUser clicks on Search button&amp#27;[0m                               &amp#27;[90m# stepdefinitions.Search.user_clicks_on_search_button()&amp#27;[0m
  &amp#27;[32mThen &amp#27;[0m&amp#27;[32mUser should get valid product displayed in search results&amp#27;[0m &amp#27;[90m# stepdefinitions.Search.user_should_get_valid_product_displayed_in_search_results()&amp#27;[0m
]]></system-out>
  </testcase>
  <testcase name="User searches for an invalid product" classname="Search Functionality" time="3.016">
    <system-out><![CDATA[
Scenario: User searches for an invalid product                   &amp#27;[90m# src/test/resource/features/Search.feature:12&amp#27;[0m
  &amp#27;[32mGiven &amp#27;[0m&amp#27;[32mUser opens the Application&amp#27;[0m                               &amp#27;[90m# stepdefinitions.Search.user_opens_the_application()&amp#27;[0m
  &amp#27;[32mWhen &amp#27;[0m&amp#27;[32mUser enters invalid product &amp#27;[0m&amp#27;[32m&amp#27;[1m"Honda"&amp#27;[0m&amp#27;[32m into Search box field&amp#27;[0m &amp#27;[90m# stepdefinitions.Search.user_enters_invalid_product_into_search_box_field(java.lang.String)&amp#27;[0m
  &amp#27;[32mAnd &amp#27;[0m&amp#27;[32mUser clicks on Search button&amp#27;[0m                               &amp#27;[90m# stepdefinitions.Search.user_clicks_on_search_button()&amp#27;[0m
  &amp#27;[32mThen &amp#27;[0m&amp#27;[32mUser should get a message about no product matching&amp#27;[0m       &amp#27;[90m# stepdefinitions.Search.user_should_get_a_message_about_no_product_matching()&amp#27;[0m
]]></system-out>
  </testcase>
  <testcase name="User searches without any product" classname="Search Functionality" time="3.327">
    <system-out><![CDATA[
Scenario: User searches without any product                   &amp#27;[90m# src/test/resource/features/Search.feature:20&amp#27;[0m
  &amp#27;[32mGiven &amp#27;[0m&amp#27;[32mUser opens the Application&amp#27;[0m                            &amp#27;[90m# stepdefinitions.Search.user_opens_the_application()&amp#27;[0m
  &amp#27;[32mWhen &amp#27;[0m&amp#27;[32mUser dont enter any product name into Search box field&amp#27;[0m &amp#27;[90m# stepdefinitions.Search.user_dont_enter_any_product_name_into_search_box_field()&amp#27;[0m
  &amp#27;[32mAnd &amp#27;[0m&amp#27;[32mUser clicks on Search button&amp#27;[0m                            &amp#27;[90m# stepdefinitions.Search.user_clicks_on_search_button()&amp#27;[0m
  &amp#27;[32mThen &amp#27;[0m&amp#27;[32mUser should get a message about no product matching&amp#27;[0m    &amp#27;[90m# stepdefinitions.Search.user_should_get_a_message_about_no_product_matching()&amp#27;[0m
]]></system-out>
  </testcase>
</testsuite>